Build started 2/21/2015 6:36:05 PM.
     1>Project "E:\Documents\Cisc440 - Computer Graphics\Tutorial3\ImageViewer.vcxproj" on node 2 (Build target(s)).
     1>ClCompile:
         C:\Program Files (x86)\Microsoft Visual Studio 12.0\VC\bin\CL.exe /c /I"E:\Documents\Cisc440 - Computer Graphics\Tutorial3\cximage\include" /ZI /nologo /W3 /WX- /Od /Oy- /D WIN32 /D _DEBUG /D _CONSOLE /D _MBCS /Gm /EHsc /RTC1 /MDd /GS /fp:precise /Zc:wchar_t /Zc:forScope /Fo"Debug\\" /Fd"Debug\vc120.pdb" /Gd /TP /analyze- /errorReport:prompt ImageViewer.cpp OpenGLImage.cpp
         ImageViewer.cpp
     1>e:\documents\cisc440 - computer graphics\tutorial3\imageviewer.cpp(6): warning C4067: unexpected tokens following preprocessor directive - expected a newline
     1>e:\documents\cisc440 - computer graphics\tutorial3\cximage\include\xiofile.h(25): warning C4996: 'fopen': This function or variable may be unsafe. Consider using fopen_s instead. To disable deprecation, use _CRT_SECURE_NO_WARNINGS. See online help for details.
                 c:\program files (x86)\microsoft visual studio 12.0\vc\include\stdio.h(211) : see declaration of 'fopen'
     1>e:\documents\cisc440 - computer graphics\tutorial3\cximage\include\xiofile.h(117): warning C4996: 'fscanf': This function or variable may be unsafe. Consider using fscanf_s instead. To disable deprecation, use _CRT_SECURE_NO_WARNINGS. See online help for details.
                 c:\program files (x86)\microsoft visual studio 12.0\vc\include\stdio.h(230) : see declaration of 'fscanf'
         Generating Code...
         Compiling...
         OpenGLImage.cpp
     1>e:\documents\cisc440 - computer graphics\tutorial3\cximage\include\xiofile.h(25): warning C4996: 'fopen': This function or variable may be unsafe. Consider using fopen_s instead. To disable deprecation, use _CRT_SECURE_NO_WARNINGS. See online help for details.
                 c:\program files (x86)\microsoft visual studio 12.0\vc\include\stdio.h(211) : see declaration of 'fopen'
     1>e:\documents\cisc440 - computer graphics\tutorial3\cximage\include\xiofile.h(117): warning C4996: 'fscanf': This function or variable may be unsafe. Consider using fscanf_s instead. To disable deprecation, use _CRT_SECURE_NO_WARNINGS. See online help for details.
                 c:\program files (x86)\microsoft visual studio 12.0\vc\include\stdio.h(230) : see declaration of 'fscanf'
     1>e:\documents\cisc440 - computer graphics\tutorial3\openglimage.cpp(111): warning C4018: '<' : signed/unsigned mismatch
     1>e:\documents\cisc440 - computer graphics\tutorial3\openglimage.cpp(112): warning C4018: '<' : signed/unsigned mismatch
         Generating Code...
       Link:
         C:\Program Files (x86)\Microsoft Visual Studio 12.0\VC\bin\link.exe /ERRORREPORT:PROMPT /OUT:"Debug\ImageViewer.exe" /INCREMENTAL /NOLOGO /LIBPATH:"E:\Documents\Cisc440 - Computer Graphics\Tutorial3\cximage\lib" cximage.lib libdcr.lib mng.lib jbig.lib Jpeg.lib png.lib tiff.lib zlib.lib jasper.lib opengl32.lib glu32.lib glut32.lib kernel32.lib user32.lib gdi32.lib winspool.lib comdlg32.lib advapi32.lib shell32.lib ole32.lib oleaut32.lib uuid.lib odbc32.lib odbccp32.lib /MANIFEST /MANIFESTUAC:"level='asInvoker' uiAccess='false'" /manifest:embed /DEBUG /PDB:"Debug\ImageViewer.pdb" /SUBSYSTEM:CONSOLE /TLBID:1 /DYNAMICBASE /NXCOMPAT /IMPLIB:"Debug\ImageViewer.lib" /MACHINE:X86 /SAFESEH Debug\ImageViewer.obj
         Debug\ImageWindow.obj
         Debug\OpenGLImage.obj
         Debug\stdafx.obj
         ImageViewer.vcxproj -> E:\Documents\Cisc440 - Computer Graphics\Tutorial3\Debug\ImageViewer.exe
     1>Done Building Project "E:\Documents\Cisc440 - Computer Graphics\Tutorial3\ImageViewer.vcxproj" (Build target(s)).

Build succeeded.

Time Elapsed 00:00:05.92
